Arguments: 
  /usr/bin/node /usr/local/bin/yarn add taiwindcss

PATH: 
  /home/varseraga/miniconda3/bin:/usr/condabin:/usr/local/bin:/usr/local/sbin:/usr/bin:/usr/sbin:/home/varseraga/bin:/var/lib/snapd/snap/bin:/home/varseraga/.fzf/bin

Yarn version: 
  1.22.10

Node version: 
  14.16.0

Platform: 
  linux x64

Trace: 
  Error: https://registry.yarnpkg.com/taiwindcss: Not found
      at Request.params.callback [as _callback] (/usr/local/lib/node_modules/yarn/lib/cli.js:66988:18)
      at Request.self.callback (/usr/local/lib/node_modules/yarn/lib/cli.js:140662:22)
      at Request.emit (events.js:315:20)
      at Request.<anonymous> (/usr/local/lib/node_modules/yarn/lib/cli.js:141634:10)
      at Request.emit (events.js:315:20)
      at IncomingMessage.<anonymous> (/usr/local/lib/node_modules/yarn/lib/cli.js:141556:12)
      at Object.onceWrapper (events.js:421:28)
      at IncomingMessage.emit (events.js:327:22)
      at endReadableNT (internal/streams/readable.js:1327:12)
      at processTicksAndRejections (internal/process/task_queues.js:80:21)

npm manifest: 
  {
    "name": "shopback-check",
    "version": "0.0.1",
    "description": "Estensão para checar as utms da ShopBack.",
    "main": "index.js",
    "author": "vaseraga",
    "license": "MIT"
  }

yarn manifest: 
  No manifest

Lockfile: 
  # THIS IS AN AUTOGENERATED FILE. DO NOT EDIT THIS FILE DIRECTLY.
  # yarn lockfile v1
